<?xml version="1.0" encoding="UTF-8"?>
<testsuites>
  <testsuite name="fastlane.lanes">
    
    
    
      
      <testcase classname="fastlane.lanes" name="0: default_platform" time="0.010288">
        
      </testcase>
    
      
      <testcase classname="fastlane.lanes" name="1: gradle" time="27.307151">
        
          <failure message="/Users/admin/.fastlane/bin/bundle/lib/ruby/gems/2.2.0/gems/fastlane-2.90.0/fastlane/lib/fastlane/actions/actions_helper.rb:48:in `execute_action'&#10;/Users/admin/.fastlane/bin/bundle/lib/ruby/gems/2.2.0/gems/fastlane-2.90.0/fastlane/lib/fastlane/runner.rb:236:in `block in execute_action'&#10;/Users/admin/.fastlane/bin/bundle/lib/ruby/gems/2.2.0/gems/fastlane-2.90.0/fastlane/lib/fastlane/runner.rb:231:in `chdir'&#10;/Users/admin/.fastlane/bin/bundle/lib/ruby/gems/2.2.0/gems/fastlane-2.90.0/fastlane/lib/fastlane/runner.rb:231:in `execute_action'&#10;/Users/admin/.fastlane/bin/bundle/lib/ruby/gems/2.2.0/gems/fastlane-2.90.0/fastlane/lib/fastlane/runner.rb:157:in `trigger_action_by_name'&#10;/Users/admin/.fastlane/bin/bundle/lib/ruby/gems/2.2.0/gems/fastlane-2.90.0/fastlane/lib/fastlane/fast_file.rb:148:in `method_missing'&#10;Fastfile:22:in `block (2 levels) in parsing_binding'&#10;/Users/admin/.fastlane/bin/bundle/lib/ruby/gems/2.2.0/gems/fastlane-2.90.0/fastlane/lib/fastlane/lane.rb:33:in `call'&#10;/Users/admin/.fastlane/bin/bundle/lib/ruby/gems/2.2.0/gems/fastlane-2.90.0/fastlane/lib/fastlane/lane.rb:33:in `call'&#10;/Users/admin/.fastlane/bin/bundle/lib/ruby/gems/2.2.0/gems/fastlane-2.90.0/fastlane/lib/fastlane/runner.rb:49:in `block in execute'&#10;/Users/admin/.fastlane/bin/bundle/lib/ruby/gems/2.2.0/gems/fastlane-2.90.0/fastlane/lib/fastlane/runner.rb:45:in `chdir'&#10;/Users/admin/.fastlane/bin/bundle/lib/ruby/gems/2.2.0/gems/fastlane-2.90.0/fastlane/lib/fastlane/runner.rb:45:in `execute'&#10;/Users/admin/.fastlane/bin/bundle/lib/ruby/gems/2.2.0/gems/fastlane-2.90.0/fastlane/lib/fastlane/lane_manager.rb:59:in `cruise_lane'&#10;/Users/admin/.fastlane/bin/bundle/lib/ruby/gems/2.2.0/gems/fastlane-2.90.0/fastlane/lib/fastlane/command_line_handler.rb:36:in `handle'&#10;/Users/admin/.fastlane/bin/bundle/lib/ruby/gems/2.2.0/gems/fastlane-2.90.0/fastlane/lib/fastlane/commands_generator.rb:108:in `block (2 levels) in run'&#10;/Users/admin/.fastlane/bin/bundle/lib/ruby/gems/2.2.0/gems/commander-fastlane-4.4.6/lib/commander/command.rb:178:in `call'&#10;/Users/admin/.fastlane/bin/bundle/lib/ruby/gems/2.2.0/gems/commander-fastlane-4.4.6/lib/commander/command.rb:178:in `call'&#10;/Users/admin/.fastlane/bin/bundle/lib/ruby/gems/2.2.0/gems/commander-fastlane-4.4.6/lib/commander/command.rb:153:in `run'&#10;/Users/admin/.fastlane/bin/bundle/lib/ruby/gems/2.2.0/gems/commander-fastlane-4.4.6/lib/commander/runner.rb:476:in `run_active_command'&#10;/Users/admin/.fastlane/bin/bundle/lib/ruby/gems/2.2.0/gems/fastlane-2.90.0/fastlane_core/lib/fastlane_core/ui/fastlane_runner.rb:75:in `run!'&#10;/Users/admin/.fastlane/bin/bundle/lib/ruby/gems/2.2.0/gems/commander-fastlane-4.4.6/lib/commander/delegates.rb:15:in `run!'&#10;/Users/admin/.fastlane/bin/bundle/lib/ruby/gems/2.2.0/gems/fastlane-2.90.0/fastlane/lib/fastlane/commands_generator.rb:333:in `run'&#10;/Users/admin/.fastlane/bin/bundle/lib/ruby/gems/2.2.0/gems/fastlane-2.90.0/fastlane/lib/fastlane/commands_generator.rb:42:in `start'&#10;/Users/admin/.fastlane/bin/bundle/lib/ruby/gems/2.2.0/gems/fastlane-2.90.0/fastlane/lib/fastlane/cli_tools_distributor.rb:107:in `take_off'&#10;/Users/admin/.fastlane/bin/bundle/lib/ruby/gems/2.2.0/gems/fastlane-2.90.0/bin/fastlane:20:in `&lt;top (required)&gt;'&#10;/Users/admin/.fastlane/bin/bundle/bin/fastlane:22:in `load'&#10;/Users/admin/.fastlane/bin/bundle/bin/fastlane:22:in `&lt;main&gt;'&#10;&#10;Exit status of command '/Users/admin/src/TestCircleCI.ttj-point-business-user-android-client/gradlew clean assembleRelease -p .' was 1 instead of 0.&#10;app: 'annotationProcessor' dependencies won't be recognized as kapt annotation processors. Please change the configuration name to 'kapt' for these artifacts: 'com.android.databinding:compiler:3.1.0'.&#10;:clean&#10;:app:clean&#10;:app:preBuild UP-TO-DATE&#10;:app:preJsonserverReleaseBuild&#10;:app:compileJsonserverReleaseAidl&#10;:app:compileJsonserverReleaseRenderscript&#10;:app:generateJsonserverReleaseResValues&#10;:app:generateJsonserverReleaseResources&#10;:app:mergeJsonserverReleaseResources&#10;:app:transformDataBindingBaseClassLogWithDataBindingMergeGenClassesForJsonserverRelease&#10;:app:dataBindingGenBaseClassesJsonserverRelease&#10;:app:checkJsonserverReleaseManifest&#10;:app:generateJsonserverReleaseBuildConfig&#10;:app:prepareLintJar&#10;:app:mainApkListPersistenceJsonserverRelease&#10;:app:createJsonserverReleaseCompatibleScreenManifests&#10;:app:processJsonserverReleaseManifest&#10;:app:splitsDiscoveryTaskJsonserverRelease&#10;:app:processJsonserverReleaseResources&#10;:app:generateJsonserverReleaseSources&#10;:app:dataBindingExportBuildInfoJsonserverRelease&#10;:app:kaptGenerateStubsJsonserverReleaseKotlin&#10;Download https://jcenter.bintray.com/com/google/errorprone/error_prone_annotations/2.0.18/error_prone_annotations-2.0.18.pom&#10;Download https://jcenter.bintray.com/com/google/errorprone/error_prone_parent/2.0.18/error_prone_parent-2.0.18.pom&#10;Download https://jcenter.bintray.com/com/google/errorprone/error_prone_annotations/2.0.18/error_prone_annotations-2.0.18.jar&#10;Download https://jcenter.bintray.com/com/android/tools/annotations/24.5.0/annotations-24.5.0.jar&#10;e: java.util.ServiceConfigurationError: javax.annotation.processing.Processor: android.databinding.annotationprocessor.ProcessDataBinding Unable to get public no-arg constructor&#10;	at java.base/java.util.ServiceLoader.fail(ServiceLoader.java:581)&#10;	at java.base/java.util.ServiceLoader.getConstructor(ServiceLoader.java:672)&#10;	at java.base/java.util.ServiceLoader.access$1000(ServiceLoader.java:390)&#10;	at java.base/java.util.ServiceLoader$LazyClassPathLookupIterator.hasNextService(ServiceLoader.java:1227)&#10;	at java.base/java.util.ServiceLoader$LazyClassPathLookupIterator.hasNext(ServiceLoader.java:1259)&#10;	at java.base/java.util.ServiceLoader$2.hasNext(ServiceLoader.java:1294)&#10;	at java.base/java.util.ServiceLoader$3.hasNext(ServiceLoader.java:1379)&#10;	at kotlin.collections.CollectionsKt___CollectionsKt.toCollection(_Collections.kt:1058)&#10;	at kotlin.collections.CollectionsKt___CollectionsKt.toMutableList(_Collections.kt:1091)&#10;	at kotlin.collections.CollectionsKt___CollectionsKt.toList(_Collections.kt:1082)&#10;	at org.jetbrains.kotlin.kapt3.ClasspathBasedKapt3Extension.loadProcessors(Kapt3Extension.kt:106)&#10;	at org.jetbrains.kotlin.kapt3.AbstractKapt3Extension.analysisCompleted(Kapt3Extension.kt:175)&#10;	at org.jetbrains.kotlin.kapt3.ClasspathBasedKapt3Extension.analysisCompleted(Kapt3Extension.kt:93)&#10;	at org.jetbrains.kotlin.cli.jvm.compiler.TopDownAnalyzerFacadeForJVM$analyzeFilesWithJavaIntegration$2.invoke(TopDownAnalyzerFacadeForJVM.kt:97)&#10;	at org.jetbrains.kotlin.cli.jvm.compiler.TopDownAnalyzerFacadeForJVM.analyzeFilesWithJavaIntegration(TopDownAnalyzerFacadeForJVM.kt:107)&#10;	at org.jetbrains.kotlin.cli.jvm.compiler.TopDownAnalyzerFacadeForJVM.analyzeFilesWithJavaIntegration$default(TopDownAnalyzerFacadeForJVM.kt:84)&#10;	at org.jetbrains.kotlin.cli.jvm.compiler.KotlinToJVMBytecodeCompiler$analyze$1.invoke(KotlinToJVMBytecodeCompiler.kt:374)&#10;	at org.jetbrains.kotlin.cli.jvm.compiler.KotlinToJVMBytecodeCompiler$analyze$1.invoke(KotlinToJVMBytecodeCompiler.kt:64)&#10;	at org.jetbrains.kotlin.cli.common.messages.AnalyzerWithCompilerReport.analyzeAndReport(AnalyzerWithCompilerReport.kt:101)&#10;	at org.jetbrains.kotlin.cli.jvm.compiler.KotlinToJVMBytecodeCompiler.analyze(KotlinToJVMBytecodeCompiler.kt:365)&#10;	at org.jetbrains.kotlin.cli.jvm.compiler.KotlinToJVMBytecodeCompiler.compileModules$cli(KotlinToJVMBytecodeCompiler.kt:130)&#10;	at org.jetbrains.kotlin.cli.jvm.K2JVMCompiler.doExecute(K2JVMCompiler.kt:161)&#10;	at org.jetbrains.kotlin.cli.jvm.K2JVMCompiler.doExecute(K2JVMCompiler.kt:63)&#10;	at org.jetbrains.kotlin.cli.common.CLICompiler.execImpl(CLICompiler.java:108)&#10;	at org.jetbrains.kotlin.cli.common.CLICompiler.execImpl(CLICompiler.java:52)&#10;	at org.jetbrains.kotlin.cli.common.CLITool.exec(CLITool.kt:92)&#10;	at org.jetbrains.kotlin.incremental.IncrementalJvmCompilerRunner.runCompiler(IncrementalJvmCompilerRunner.kt:451)&#10;	at org.jetbrains.kotlin.incremental.IncrementalJvmCompilerRunner.runCompiler(IncrementalJvmCompilerRunner.kt:97)&#10;	at org.jetbrains.kotlin.incremental.IncrementalCompilerRunner.compileIncrementally(IncrementalCompilerRunner.kt:218)&#10;	at org.jetbrains.kotlin.incremental.IncrementalCompilerRunner.access$compileIncrementally(IncrementalCompilerRunner.kt:37)&#10;	at org.jetbrains.kotlin.incremental.IncrementalCompilerRunner$compile$2.invoke(IncrementalCompilerRunner.kt:80)&#10;	at org.jetbrains.kotlin.incremental.IncrementalCompilerRunner.compile(IncrementalCompilerRunner.kt:92)&#10;	at org.jetbrains.kotlin.daemon.CompileServiceImpl.execIncrementalCompiler(CompileServiceImpl.kt:527)&#10;	at org.jetbrains.kotlin.daemon.CompileServiceImpl.access$execIncrementalCompiler(CompileServiceImpl.kt:97)&#10;	at org.jetbrains.kotlin.daemon.CompileServiceImpl$compile$$inlined$ifAlive$lambda$2.invoke(CompileServiceImpl.kt:408)&#10;	at org.jetbrains.kotlin.daemon.CompileServiceImpl$compile$$inlined$ifAlive$lambda$2.invoke(CompileServiceImpl.kt:97)&#10;	at org.jetbrains.kotlin.daemon.CompileServiceImpl$doCompile$$inlined$ifAlive$lambda$2.invoke(CompileServiceImpl.kt:909)&#10;	at org.jetbrains.kotlin.daemon.CompileServiceImpl$doCompile$$inlined$ifAlive$lambda$2.invoke(CompileServiceImpl.kt:97)&#10;	at org.jetbrains.kotlin.daemon.common.DummyProfiler.withMeasure(PerfUtils.kt:137)&#10;	at org.jetbrains.kotlin.daemon.CompileServiceImpl.checkedCompile(CompileServiceImpl.kt:939)&#10;	at org.jetbrains.kotlin.daemon.CompileServiceImpl.doCompile(CompileServiceImpl.kt:908)&#10;	at org.jetbrains.kotlin.daemon.CompileServiceImpl.compile(CompileServiceImpl.kt:407)&#10;	at java.base/jdk.internal.reflect.NativeMethodAccessorImpl.invoke0(Native Method)&#10;	at java.base/jdk.internal.reflect.NativeMethodAccessorImpl.invoke(NativeMethodAccessorImpl.java:62)&#10;	at java.base/jdk.internal.reflect.DelegatingMethodAccessorImpl.invoke(DelegatingMethodAccessorImpl.java:43)&#10;	at java.base/java.lang.reflect.Method.invoke(Method.java:564)&#10;	at java.rmi/sun.rmi.server.UnicastServerRef.dispatch(UnicastServerRef.java:359)&#10;	at java.rmi/sun.rmi.transport.Transport$1.run(Transport.java:200)&#10;	at java.rmi/sun.rmi.transport.Transport$1.run(Transport.java:197)&#10;	at java.base/java.security.AccessController.doPrivileged(Native Method)&#10;	at java.rmi/sun.rmi.transport.Transport.serviceCall(Transport.java:196)&#10;	at java.rmi/sun.rmi.transport.tcp.TCPTransport.handleMessages(TCPTransport.java:567)&#10;	at java.rmi/sun.rmi.transport.tcp.TCPTransport$ConnectionHandler.run0(TCPTransport.java:800)&#10;	at java.rmi/sun.rmi.transport.tcp.TCPTransport$ConnectionHandler.lambda$run$0(TCPTransport.java:682)&#10;	at java.base/java.security.AccessController.doPrivileged(Native Method)&#10;	at java.rmi/sun.rmi.transport.tcp.TCPTransport$ConnectionHandler.run(TCPTransport.java:681)&#10;	at java.base/java.util.concurrent.ThreadPoolExecutor.runWorker(ThreadPoolExecutor.java:1167)&#10;	at java.base/java.util.concurrent.ThreadPoolExecutor$Worker.run(ThreadPoolExecutor.java:641)&#10;	at java.base/java.lang.Thread.run(Thread.java:844)&#10;Caused by: java.lang.NoClassDefFoundError: javax/xml/bind/JAXBException&#10;	at java.base/java.lang.Class.getDeclaredConstructors0(Native Method)&#10;	at java.base/java.lang.Class.privateGetDeclaredConstructors(Class.java:3110)&#10;	at java.base/java.lang.Class.getConstructor0(Class.java:3315)&#10;	at java.base/java.lang.Class.getConstructor(Class.java:2108)&#10;	at java.base/java.util.ServiceLoader$1.run(ServiceLoader.java:659)&#10;	at java.base/java.util.ServiceLoader$1.run(ServiceLoader.java:656)&#10;	at java.base/java.security.AccessController.doPrivileged(Native Method)&#10;	at java.base/java.util.ServiceLoader.getConstructor(ServiceLoader.java:667)&#10;	... 57 more&#10;Caused by: java.lang.ClassNotFoundException: javax.xml.bind.JAXBException&#10;	at java.base/java.net.URLClassLoader.findClass(URLClassLoader.java:466)&#10;	at java.base/java.lang.ClassLoader.loadClass(ClassLoader.java:563)&#10;	at java.base/java.lang.ClassLoader.loadClass(ClassLoader.java:496)&#10;	... 65 more&#10;&#10;:app:kaptGenerateStubsJsonserverReleaseKotlin FAILED&#10;&#10;FAILURE: Build failed with an exception.&#10;&#10;* What went wrong:&#10;Execution failed for task ':app:kaptGenerateStubsJsonserverReleaseKotlin'.&#10;&gt; Internal compiler error. See log for more details&#10;&#10;* Try:&#10;Run with --stacktrace option to get the stack trace. Run with --info or --debug option to get more log output. Run with --scan to get full insights.&#10;&#10;* Get more help at https://help.gradle.org&#10;&#10;BUILD FAILED in 26s&#10;19 actionable tasks: 19 executed&#10;" />
        
      </testcase>
    
  </testsuite>
</testsuites>
